[0.320s] Invoking command in '/home/tanaka/ros2_ws/src/mypkg': PYTHONPATH=/home/tanaka/ros2_ws/src/mypkg/install/mypkg/lib/python3.6/site-packages:${PYTHONPATH} /usr/bin/python3 setup.py egg_info --egg-base build/mypkg build --build-base /home/tanaka/ros2_ws/src/mypkg/build/mypkg/build install --prefix /home/tanaka/ros2_ws/src/mypkg/install/mypkg --record /home/tanaka/ros2_ws/src/mypkg/build/mypkg/install.log --single-version-externally-managed
[0.433s] running egg_info
[0.434s] creating build/mypkg/mypkg.egg-info
[0.434s] writing build/mypkg/mypkg.egg-info/PKG-INFO
[0.434s] writing dependency_links to build/mypkg/mypkg.egg-info/dependency_links.txt
[0.434s] writing entry points to build/mypkg/mypkg.egg-info/entry_points.txt
[0.434s] writing requirements to build/mypkg/mypkg.egg-info/requires.txt
[0.434s] writing top-level names to build/mypkg/mypkg.egg-info/top_level.txt
[0.434s] writing manifest file 'build/mypkg/mypkg.egg-info/SOURCES.txt'
[0.453s] reading manifest file 'build/mypkg/mypkg.egg-info/SOURCES.txt'
[0.453s] writing manifest file 'build/mypkg/mypkg.egg-info/SOURCES.txt'
[0.454s] running build
[0.454s] running build_py
[0.454s] creating /home/tanaka/ros2_ws/src/mypkg/build/mypkg/build
[0.454s] creating /home/tanaka/ros2_ws/src/mypkg/build/mypkg/build/lib
[0.454s] creating /home/tanaka/ros2_ws/src/mypkg/build/mypkg/build/lib/mypkg
[0.454s] copying mypkg/talker.py -> /home/tanaka/ros2_ws/src/mypkg/build/mypkg/build/lib/mypkg
[0.454s] copying mypkg/__init__.py -> /home/tanaka/ros2_ws/src/mypkg/build/mypkg/build/lib/mypkg
[0.454s] running install
[0.454s] running install_lib
[0.455s] creating /home/tanaka/ros2_ws/src/mypkg/install/mypkg/lib/python3.6/site-packages/mypkg
[0.455s] copying /home/tanaka/ros2_ws/src/mypkg/build/mypkg/build/lib/mypkg/talker.py -> /home/tanaka/ros2_ws/src/mypkg/install/mypkg/lib/python3.6/site-packages/mypkg
[0.455s] copying /home/tanaka/ros2_ws/src/mypkg/build/mypkg/build/lib/mypkg/__init__.py -> /home/tanaka/ros2_ws/src/mypkg/install/mypkg/lib/python3.6/site-packages/mypkg
[0.455s] byte-compiling /home/tanaka/ros2_ws/src/mypkg/install/mypkg/lib/python3.6/site-packages/mypkg/talker.py to talker.cpython-36.pyc
[0.456s] byte-compiling /home/tanaka/ros2_ws/src/mypkg/install/mypkg/lib/python3.6/site-packages/mypkg/__init__.py to __init__.cpython-36.pyc
[0.456s] running install_data
[0.456s] creating /home/tanaka/ros2_ws/src/mypkg/install/mypkg/share/ament_index
[0.456s] creating /home/tanaka/ros2_ws/src/mypkg/install/mypkg/share/ament_index/resource_index
[0.457s] creating /home/tanaka/ros2_ws/src/mypkg/install/mypkg/share/ament_index/resource_index/packages
[0.457s] copying resource/mypkg -> /home/tanaka/ros2_ws/src/mypkg/install/mypkg/share/ament_index/resource_index/packages
[0.457s] copying package.xml -> /home/tanaka/ros2_ws/src/mypkg/install/mypkg/share/mypkg
[0.457s] running install_egg_info
[0.458s] Copying build/mypkg/mypkg.egg-info to /home/tanaka/ros2_ws/src/mypkg/install/mypkg/lib/python3.6/site-packages/mypkg-0.0.0-py3.6.egg-info
[0.458s] running install_scripts
[0.469s] Installing listener script to /home/tanaka/ros2_ws/src/mypkg/install/mypkg/lib/mypkg
[0.469s] Installing talker script to /home/tanaka/ros2_ws/src/mypkg/install/mypkg/lib/mypkg
[0.470s] writing list of installed files to '/home/tanaka/ros2_ws/src/mypkg/build/mypkg/install.log'
[0.483s] Invoked command in '/home/tanaka/ros2_ws/src/mypkg' returned '0': PYTHONPATH=/home/tanaka/ros2_ws/src/mypkg/install/mypkg/lib/python3.6/site-packages:${PYTHONPATH} /usr/bin/python3 setup.py egg_info --egg-base build/mypkg build --build-base /home/tanaka/ros2_ws/src/mypkg/build/mypkg/build install --prefix /home/tanaka/ros2_ws/src/mypkg/install/mypkg --record /home/tanaka/ros2_ws/src/mypkg/build/mypkg/install.log --single-version-externally-managed
