[0.329s] Invoking command in '/home/tanaka/ros2_ws/src/mypkg': PYTHONPATH=/home/tanaka/ros2_ws/src/mypkg/install/mypkg/lib/python3.6/site-packages:${PYTHONPATH} /usr/bin/python3 setup.py egg_info --egg-base build/mypkg build --build-base /home/tanaka/ros2_ws/src/mypkg/build/mypkg/build install --prefix /home/tanaka/ros2_ws/src/mypkg/install/mypkg --record /home/tanaka/ros2_ws/src/mypkg/build/mypkg/install.log --single-version-externally-managed
[0.444s] running egg_info
[0.444s] writing build/mypkg/mypkg.egg-info/PKG-INFO
[0.446s] writing dependency_links to build/mypkg/mypkg.egg-info/dependency_links.txt
[0.446s] writing entry points to build/mypkg/mypkg.egg-info/entry_points.txt
[0.446s] writing requirements to build/mypkg/mypkg.egg-info/requires.txt
[0.446s] writing top-level names to build/mypkg/mypkg.egg-info/top_level.txt
[0.465s] reading manifest file 'build/mypkg/mypkg.egg-info/SOURCES.txt'
[0.467s] writing manifest file 'build/mypkg/mypkg.egg-info/SOURCES.txt'
[0.467s] running build
[0.467s] running build_py
[0.468s] copying mypkg/talker.py -> /home/tanaka/ros2_ws/src/mypkg/build/mypkg/build/lib/mypkg
[0.469s] running install
[0.469s] running install_lib
[0.470s] copying /home/tanaka/ros2_ws/src/mypkg/build/mypkg/build/lib/mypkg/talker.py -> /home/tanaka/ros2_ws/src/mypkg/install/mypkg/lib/python3.6/site-packages/mypkg
[0.471s] byte-compiling /home/tanaka/ros2_ws/src/mypkg/install/mypkg/lib/python3.6/site-packages/mypkg/talker.py to talker.cpython-36.pyc
[0.471s] running install_data
[0.473s] copying package.xml -> /home/tanaka/ros2_ws/src/mypkg/install/mypkg/share/mypkg
[0.474s] copying launch/talk_listen.launch.py -> /home/tanaka/ros2_ws/src/mypkg/install/mypkg/share/mypkg
[0.474s] running install_egg_info
[0.475s] removing '/home/tanaka/ros2_ws/src/mypkg/install/mypkg/lib/python3.6/site-packages/mypkg-0.0.0-py3.6.egg-info' (and everything under it)
[0.475s] Copying build/mypkg/mypkg.egg-info to /home/tanaka/ros2_ws/src/mypkg/install/mypkg/lib/python3.6/site-packages/mypkg-0.0.0-py3.6.egg-info
[0.476s] running install_scripts
[0.487s] Installing listener script to /home/tanaka/ros2_ws/src/mypkg/install/mypkg/lib/mypkg
[0.488s] Installing talker script to /home/tanaka/ros2_ws/src/mypkg/install/mypkg/lib/mypkg
[0.488s] writing list of installed files to '/home/tanaka/ros2_ws/src/mypkg/build/mypkg/install.log'
[0.501s] Invoked command in '/home/tanaka/ros2_ws/src/mypkg' returned '0': PYTHONPATH=/home/tanaka/ros2_ws/src/mypkg/install/mypkg/lib/python3.6/site-packages:${PYTHONPATH} /usr/bin/python3 setup.py egg_info --egg-base build/mypkg build --build-base /home/tanaka/ros2_ws/src/mypkg/build/mypkg/build install --prefix /home/tanaka/ros2_ws/src/mypkg/install/mypkg --record /home/tanaka/ros2_ws/src/mypkg/build/mypkg/install.log --single-version-externally-managed
